<?xml version="1.0" encoding="UTF-8"?>
<!-- Generated by org.testng.reporters.JUnitXMLReporter -->
<testsuite hostname="Brat-PC" ignored="2" name="RegressionTest" tests="3" failures="0" timestamp="15 Nov 2019 02:13:27 GMT" time="97.006" errors="0">
  <testcase name="tc_01_login" time="2.904" classname="com.edureka.testscripts.LogInScript"/>
  <testcase name="tc_01_ProfileUpdate" time="36.234" classname="com.edureka.testscripts.PersonalDetailsUpdate"/>
  <testcase name="tc_02_PersonalDetailsEdit" time="43.884" classname="com.edureka.testscripts.PersonalDetailsUpdate"/>
  <testcase name="@AfterTest closeBrowsers" time="0.0" classname="com.edureka.common.BaseTest">
    <ignored/>
  </testcase> <!-- @AfterTest closeBrowsers -->
  <testcase name="@BeforeTest launchBrowser" time="0.0" classname="com.edureka.common.BaseTest">
    <ignored/>
  </testcase> <!-- @BeforeTest launchBrowser -->
</testsuite> <!-- RegressionTest -->
